<?xml version="1.0" encoding="UTF-8"?>
<!-- Generated by org.testng.reporters.JUnitReportReporter -->
<testsuite skipped="0" hostname="DESKTOP-Q8ML3C4" name="BasicProgram.BasicProgram.org.TestNG.Ex1" tests="1" failures="0" timestamp="10 Nov 2021 11:27:20 GMT" time="0.019" errors="0">
  <testcase name="f" time="0.019" classname="BasicProgram.BasicProgram.org.TestNG.Ex1"/>
</testsuite> <!-- BasicProgram.BasicProgram.org.TestNG.Ex1 -->
