<?xml version="1.0" encoding="UTF-8"?>
<!-- Generated by org.testng.reporters.JUnitReportReporter -->
<testsuite skipped="0" hostname="DESKTOP-Q8ML3C4" name="org.TestNG.NewTest" tests="1" failures="0" timestamp="29 Nov 2021 16:34:38 GMT" time="0.018" errors="0">
  <testcase name="m1" time="0.018" classname="org.TestNG.NewTest"/>
</testsuite> <!-- org.TestNG.NewTest -->
